[logs/iOS_iPhone 14 Pro Max INFO ] 2023-08-11 10:57:17.581 BaseTest:111 - This is info message
[logs/iOS_iPhone 14 Pro Max ERROR] 2023-08-11 10:57:17.601 BaseTest:112 - This is error message
[logs/iOS_iPhone 14 Pro Max DEBUG] 2023-08-11 10:57:17.602 BaseTest:113 - This is debug message
[logs/iOS_iPhone 14 Pro Max WARN ] 2023-08-11 10:57:17.602 BaseTest:114 - This is warning message
[logs/iOS_iPhone 14 Pro Max INFO ] 2023-08-11 10:58:05.939 BaseTest:111 - This is info message
[logs/iOS_iPhone 14 Pro Max ERROR] 2023-08-11 10:58:06.016 BaseTest:112 - This is error message
[logs/iOS_iPhone 14 Pro Max DEBUG] 2023-08-11 10:58:06.016 BaseTest:113 - This is debug message
[logs/iOS_iPhone 14 Pro Max WARN ] 2023-08-11 10:58:06.017 BaseTest:114 - This is warning message
[logs/iOS_iPhone 14 Pro Max INFO ] 2023-08-11 10:59:56.847 BaseTest:111 - This is info message
[logs/iOS_iPhone 14 Pro Max ERROR] 2023-08-11 10:59:56.866 BaseTest:112 - This is error message
[logs/iOS_iPhone 14 Pro Max DEBUG] 2023-08-11 10:59:56.866 BaseTest:113 - This is debug message
[logs/iOS_iPhone 14 Pro Max WARN ] 2023-08-11 10:59:56.867 BaseTest:114 - This is warning message
[logs/iOS_iPhone 14 Pro Max INFO ] 2023-08-11 11:01:07.378 BaseTest:111 - This is info message
[logs/iOS_iPhone 14 Pro Max ERROR] 2023-08-11 11:01:07.398 BaseTest:112 - This is error message
[logs/iOS_iPhone 14 Pro Max DEBUG] 2023-08-11 11:01:07.399 BaseTest:113 - This is debug message
[logs/iOS_iPhone 14 Pro Max WARN ] 2023-08-11 11:01:07.399 BaseTest:114 - This is warning message
[logs/iOS_iPhone 14 Pro Max INFO ] 2023-08-11 11:05:46.053 BaseTest:111 - This is info message
[logs/iOS_iPhone 14 Pro Max ERROR] 2023-08-11 11:05:46.073 BaseTest:112 - This is error message
[logs/iOS_iPhone 14 Pro Max DEBUG] 2023-08-11 11:05:46.074 BaseTest:113 - This is debug message
[logs/iOS_iPhone 14 Pro Max WARN ] 2023-08-11 11:05:46.074 BaseTest:114 - This is warning message
[logs/iOS_iPhone 14 Pro Max INFO ] 2023-08-11 11:10:20.374 BaseTest:111 - This is info message
[logs/iOS_iPhone 14 Pro Max ERROR] 2023-08-11 11:10:20.394 BaseTest:112 - This is error message
[logs/iOS_iPhone 14 Pro Max DEBUG] 2023-08-11 11:10:20.394 BaseTest:113 - This is debug message
[logs/iOS_iPhone 14 Pro Max WARN ] 2023-08-11 11:10:20.394 BaseTest:114 - This is warning message
[logs/iOS_iPhone 14 Pro Max INFO ] 2023-08-11 13:23:48.198 BaseTest:108 - This is info message
[logs/iOS_iPhone 14 Pro Max ERROR] 2023-08-11 13:23:48.216 BaseTest:109 - This is error message
[logs/iOS_iPhone 14 Pro Max DEBUG] 2023-08-11 13:23:48.217 BaseTest:110 - This is debug message
[logs/iOS_iPhone 14 Pro Max WARN ] 2023-08-11 13:23:48.217 BaseTest:111 - This is warning message
[logs/iOS_iPhone 14 Pro Max INFO ] 2023-08-11 13:24:21.080 BaseTest:108 - This is info message
[logs/iOS_iPhone 14 Pro Max ERROR] 2023-08-11 13:24:21.130 BaseTest:109 - This is error message
[logs/iOS_iPhone 14 Pro Max DEBUG] 2023-08-11 13:24:21.131 BaseTest:110 - This is debug message
[logs/iOS_iPhone 14 Pro Max WARN ] 2023-08-11 13:24:21.131 BaseTest:111 - This is warning message
[logs/iOS_iPhone 14 Pro Max INFO ] 2023-08-11 16:24:35.559 BaseTest:114 - This is info message
[logs/iOS_iPhone 14 Pro Max ERROR] 2023-08-11 16:24:35.578 BaseTest:115 - This is error message
[logs/iOS_iPhone 14 Pro Max DEBUG] 2023-08-11 16:24:35.578 BaseTest:116 - This is debug message
[logs/iOS_iPhone 14 Pro Max WARN ] 2023-08-11 16:24:35.578 BaseTest:117 - This is warning message
[logs/iOS_iPhone 14 Pro Max INFO ] 2023-08-11 16:29:55.973 BaseTest:114 - This is info message
[logs/iOS_iPhone 14 Pro Max ERROR] 2023-08-11 16:29:55.992 BaseTest:115 - This is error message
[logs/iOS_iPhone 14 Pro Max DEBUG] 2023-08-11 16:29:55.992 BaseTest:116 - This is debug message
[logs/iOS_iPhone 14 Pro Max WARN ] 2023-08-11 16:29:55.992 BaseTest:117 - This is warning message
[logs/iOS_iPhone 14 Pro Max INFO ] 2023-08-11 16:32:11.235 BaseTest:114 - This is info message
[logs/iOS_iPhone 14 Pro Max ERROR] 2023-08-11 16:32:11.253 BaseTest:115 - This is error message
[logs/iOS_iPhone 14 Pro Max DEBUG] 2023-08-11 16:32:11.254 BaseTest:116 - This is debug message
[logs/iOS_iPhone 14 Pro Max WARN ] 2023-08-11 16:32:11.254 BaseTest:117 - This is warning message
[logs/iOS_iPhone 14 Pro Max INFO ] 2023-08-16 14:18:35.812 BaseTest:187 - log path: logs/iOS_iPhone 14 Pro Max
[logs/iOS_iPhone 14 Pro Max INFO ] 2023-08-16 14:18:35.886 BaseTest:194 - load config.properties
[logs/iOS_iPhone 14 Pro Max INFO ] 2023-08-16 14:18:35.892 BaseTest:199 - load strings/strings.xml
[logs/iOS_iPhone 14 Pro Max INFO ] 2023-08-16 14:18:35.899 BaseTest:234 - appUrl is/Users/annprodous/TDDFrameworkAlt/src/test/resources/app/iOS.Simulator.SauceLabs.Mobile.Sample.app.2.7.1.app
[logs/iOS_iPhone 14 Pro Max INFO ] 2023-08-16 14:20:34.994 BaseTest:245 - driver initialized: IOSDriver:  on IOS (df64b680-74e7-41f7-8b62-daef316d943e)
[logs/iOS_iPhone 14 Pro Max INFO ] 2023-08-16 14:20:47.299 BaseTest:144 - Appium server stopped
[logs/iOS_iPhone 14 Pro Max INFO ] 2023-08-16 14:29:29.188 BaseTest:187 - log path: logs/iOS_iPhone 14 Pro Max
[logs/iOS_iPhone 14 Pro Max INFO ] 2023-08-16 14:29:29.235 BaseTest:194 - load config.properties
[logs/iOS_iPhone 14 Pro Max INFO ] 2023-08-16 14:29:29.238 BaseTest:199 - load strings/strings.xml
[logs/iOS_iPhone 14 Pro Max INFO ] 2023-08-16 14:29:29.257 BaseTest:234 - appUrl is/Users/annprodous/TDDFrameworkAlt/src/test/resources/app/iOS.Simulator.SauceLabs.Mobile.Sample.app.2.7.1.app
[logs/iOS_iPhone 14 Pro Max INFO ] 2023-08-16 14:29:36.952 BaseTest:245 - driver initialized: IOSDriver:  on IOS (12fa12ad-ff2d-407e-b426-1bc8ad2b872f)
[logs/iOS_iPhone 14 Pro Max INFO ] 2023-08-16 14:29:49.170 BaseTest:144 - Appium server stopped
[logs/iOS_iPhone 14 Pro Max INFO ] 2023-08-16 15:09:47.944 BaseTest:197 - log path: logs/iOS_iPhone 14 Pro Max
[logs/iOS_iPhone 14 Pro Max INFO ] 2023-08-16 15:09:47.989 BaseTest:204 - load config.properties
[logs/iOS_iPhone 14 Pro Max INFO ] 2023-08-16 15:09:47.992 BaseTest:209 - load strings/strings.xml
[logs/iOS_iPhone 14 Pro Max INFO ] 2023-08-16 15:09:48.010 BaseTest:241 - appUrl is/Users/annprodous/Documents/git/appiumcicd/src/test/resources/app/iOS.Simulator.SauceLabs.Mobile.Sample.app.2.7.1.app
[logs/iOS_iPhone 14 Pro Max INFO ] 2023-08-16 15:10:00.627 BaseTest:252 - driver initialized: IOSDriver:  on IOS (78a87793-baa0-4e35-9845-e5b2d83e14a7)
[logs/iOS_iPhone 14 Pro Max INFO ] 2023-08-16 15:10:13.066 BaseTest:153 - Appium server stopped
[logs/iOS_iPhone 14 Pro Max INFO ] 2023-08-16 15:17:57.693 BaseTest:197 - log path: logs/iOS_iPhone 14 Pro Max
[logs/iOS_iPhone 14 Pro Max INFO ] 2023-08-16 15:17:57.733 BaseTest:204 - load config.properties
[logs/iOS_iPhone 14 Pro Max INFO ] 2023-08-16 15:17:57.736 BaseTest:209 - load strings/strings.xml
[logs/iOS_iPhone 14 Pro Max INFO ] 2023-08-16 15:17:57.753 BaseTest:241 - appUrl is/Users/annprodous/Documents/git/appiumcicd/src/test/resources/app/iOS.Simulator.SauceLabs.Mobile.Sample.app.2.7.1.app
[logs/iOS_iPhone 14 Pro Max INFO ] 2023-08-16 15:18:09.296 BaseTest:252 - driver initialized: IOSDriver:  on IOS (ead4b34a-7c18-4abd-a996-43fd006e13e3)
[logs/iOS_iPhone 14 Pro Max INFO ] 2023-08-16 15:18:16.969 LoginTests:65 - 
****** starting test:invalidPassword******

[logs/iOS_iPhone 14 Pro Max INFO ] 2023-08-16 15:18:20.540 BaseTest:293 - login with standard_user
[logs/iOS_iPhone 14 Pro Max INFO ] 2023-08-16 15:18:22.797 BaseTest:293 - password is invalidpassword
[logs/iOS_iPhone 14 Pro Max INFO ] 2023-08-16 15:18:23.749 BaseTest:282 - press login button
[logs/iOS_iPhone 14 Pro Max INFO ] 2023-08-16 15:18:25.521 BaseTest:313 - error text is - Username and password do not match any user in this service.
[logs/iOS_iPhone 14 Pro Max INFO ] 2023-08-16 15:18:26.415 LoginTests:65 - 
****** starting test:invalidUserName******

[logs/iOS_iPhone 14 Pro Max INFO ] 2023-08-16 15:18:28.787 BaseTest:293 - login with invalidusername
[logs/iOS_iPhone 14 Pro Max INFO ] 2023-08-16 15:18:31.371 BaseTest:293 - password is secret_sauce
[logs/iOS_iPhone 14 Pro Max INFO ] 2023-08-16 15:18:32.226 BaseTest:282 - press login button
[logs/iOS_iPhone 14 Pro Max INFO ] 2023-08-16 15:18:33.843 BaseTest:313 - error text is - Username and password do not match any user in this service.
[logs/iOS_iPhone 14 Pro Max INFO ] 2023-08-16 15:18:34.948 LoginTests:65 - 
****** starting test:successfulLogin******

[logs/iOS_iPhone 14 Pro Max INFO ] 2023-08-16 15:18:37.133 BaseTest:293 - login with standard_user
[logs/iOS_iPhone 14 Pro Max INFO ] 2023-08-16 15:18:39.590 BaseTest:293 - password is secret_sauce
[logs/iOS_iPhone 14 Pro Max INFO ] 2023-08-16 15:18:40.501 BaseTest:282 - press login button
[logs/iOS_iPhone 14 Pro Max INFO ] 2023-08-16 15:18:43.128 BaseTest:313 - product page title is - PRODUCTS
[logs/iOS_iPhone 14 Pro Max INFO ] 2023-08-16 15:18:47.096 ProductTests:70 - 
****** starting test:validateProductOnProductDetailsPage******

[logs/iOS_iPhone 14 Pro Max INFO ] 2023-08-16 15:18:49.089 BaseTest:293 - login with standard_user
[logs/iOS_iPhone 14 Pro Max INFO ] 2023-08-16 15:18:51.349 BaseTest:293 - password is secret_sauce
[logs/iOS_iPhone 14 Pro Max INFO ] 2023-08-16 15:18:52.174 BaseTest:282 - press login button
[logs/iOS_iPhone 14 Pro Max INFO ] 2023-08-16 15:18:53.839 BaseTest:282 - press SLB tile link
[logs/iOS_iPhone 14 Pro Max INFO ] 2023-08-16 15:18:55.645 BaseTest:313 - title is - Sauce Labs Backpack
[logs/iOS_iPhone 14 Pro Max INFO ] 2023-08-16 15:18:56.181 BaseTest:313 - txt is - carry.allTheThings() with the sleek, streamlined Sly Pack that melds uncompromising style with unequaled laptop and tablet protection.
[logs/iOS_iPhone 14 Pro Max ERROR] 2023-08-16 15:19:03.256 TestListener:34 - java.lang.AssertionError: The following asserts failed:
	expected [null] but found [Sauce Labs Backpack],
	expected [null] but found [carry.allTheThings() with the sleek, streamlined Sly Pack that melds uncompromising style with unequaled laptop and tablet protection.]
	at org.testng.asserts.SoftAssert.assertAll(SoftAssert.java:46)
	at org.testng.asserts.SoftAssert.assertAll(SoftAssert.java:30)
	at com.qa.tests.ProductTests.validateProductOnProductDetailsPage(ProductTests.java:117)
	at java.base/jdk.internal.reflect.NativeMethodAccessorImpl.invoke0(Native Method)
	at java.base/jdk.internal.reflect.NativeMethodAccessorImpl.invoke(NativeMethodAccessorImpl.java:64)
	at java.base/jdk.internal.reflect.DelegatingMethodAccessorImpl.invoke(DelegatingMethodAccessorImpl.java:43)
	at java.base/java.lang.reflect.Method.invoke(Method.java:564)
	at org.testng.internal.invokers.MethodInvocationHelper.invokeMethod(MethodInvocationHelper.java:139)
	at org.testng.internal.invokers.TestInvoker.invokeMethod(TestInvoker.java:664)
	at org.testng.internal.invokers.TestInvoker.invokeTestMethod(TestInvoker.java:227)
	at org.testng.internal.invokers.MethodRunner.runInSequence(MethodRunner.java:50)
	at org.testng.internal.invokers.TestInvoker$MethodInvocationAgent.invoke(TestInvoker.java:957)
	at org.testng.internal.invokers.TestInvoker.invokeTestMethods(TestInvoker.java:200)
	at org.testng.internal.invokers.TestMethodWorker.invokeTestMethods(TestMethodWorker.java:148)
	at org.testng.internal.invokers.TestMethodWorker.run(TestMethodWorker.java:128)
	at java.base/java.util.ArrayList.forEach(ArrayList.java:1511)
	at org.testng.TestRunner.privateRun(TestRunner.java:848)
	at org.testng.TestRunner.run(TestRunner.java:621)
	at org.testng.SuiteRunner.runTest(SuiteRunner.java:443)
	at org.testng.SuiteRunner.runSequentially(SuiteRunner.java:437)
	at org.testng.SuiteRunner.privateRun(SuiteRunner.java:397)
	at org.testng.SuiteRunner.run(SuiteRunner.java:336)
	at org.testng.SuiteRunnerWorker.runSuite(SuiteRunnerWorker.java:52)
	at org.testng.SuiteRunnerWorker.run(SuiteRunnerWorker.java:95)
	at org.testng.TestNG.runSuitesSequentially(TestNG.java:1280)
	at org.testng.TestNG.runSuitesLocally(TestNG.java:1200)
	at org.testng.TestNG.runSuites(TestNG.java:1114)
	at org.testng.TestNG.run(TestNG.java:1082)
	at org.apache.maven.surefire.testng.TestNGExecutor.run(TestNGExecutor.java:308)
	at org.apache.maven.surefire.testng.TestNGXmlTestSuite.execute(TestNGXmlTestSuite.java:71)
	at org.apache.maven.surefire.testng.TestNGProvider.invoke(TestNGProvider.java:113)
	at org.apache.maven.surefire.booter.ForkedBooter.runSuitesInProcess(ForkedBooter.java:385)
	at org.apache.maven.surefire.booter.ForkedBooter.execute(ForkedBooter.java:162)
	at org.apache.maven.surefire.booter.ForkedBooter.run(ForkedBooter.java:507)
	at org.apache.maven.surefire.booter.ForkedBooter.main(ForkedBooter.java:495)

[logs/iOS_iPhone 14 Pro Max INFO ] 2023-08-16 15:19:03.996 BaseTest:282 - press Settings button
[logs/iOS_iPhone 14 Pro Max INFO ] 2023-08-16 15:19:22.195 BaseTest:153 - Appium server stopped
[logs/iOS_iPhone 14 Pro Max INFO ] 2023-08-16 15:30:37.915 BaseTest:197 - log path: logs/iOS_iPhone 14 Pro Max
[logs/iOS_iPhone 14 Pro Max INFO ] 2023-08-16 15:30:37.957 BaseTest:204 - load config.properties
[logs/iOS_iPhone 14 Pro Max INFO ] 2023-08-16 15:30:37.961 BaseTest:209 - load strings/strings.xml
[logs/iOS_iPhone 14 Pro Max INFO ] 2023-08-16 15:30:37.981 BaseTest:241 - appUrl is/Users/annprodous/Documents/git/appiumcicd/src/test/resources/app/iOS.Simulator.SauceLabs.Mobile.Sample.app.2.7.1.app
[logs/iOS_iPhone 14 Pro Max INFO ] 2023-08-16 15:30:45.958 BaseTest:252 - driver initialized: IOSDriver:  on IOS (d8bc51c3-8f02-4b86-856a-e714628645ba)
[logs/iOS_iPhone 14 Pro Max INFO ] 2023-08-16 15:30:49.143 LoginTests:65 - 
****** starting test:invalidPassword******

[logs/iOS_iPhone 14 Pro Max INFO ] 2023-08-16 15:30:52.130 BaseTest:293 - login with standard_user
[logs/iOS_iPhone 14 Pro Max INFO ] 2023-08-16 15:30:54.503 BaseTest:293 - password is invalidpassword
[logs/iOS_iPhone 14 Pro Max INFO ] 2023-08-16 15:30:55.464 BaseTest:282 - press login button
[logs/iOS_iPhone 14 Pro Max INFO ] 2023-08-16 15:30:57.253 BaseTest:313 - error text is - Username and password do not match any user in this service.
[logs/iOS_iPhone 14 Pro Max INFO ] 2023-08-16 15:30:58.172 LoginTests:65 - 
****** starting test:invalidUserName******

[logs/iOS_iPhone 14 Pro Max INFO ] 2023-08-16 15:31:00.392 BaseTest:293 - login with invalidusername
[logs/iOS_iPhone 14 Pro Max INFO ] 2023-08-16 15:31:02.998 BaseTest:293 - password is secret_sauce
[logs/iOS_iPhone 14 Pro Max INFO ] 2023-08-16 15:31:03.846 BaseTest:282 - press login button
[logs/iOS_iPhone 14 Pro Max INFO ] 2023-08-16 15:31:05.406 BaseTest:313 - error text is - Username and password do not match any user in this service.
[logs/iOS_iPhone 14 Pro Max INFO ] 2023-08-16 15:31:06.300 LoginTests:65 - 
****** starting test:successfulLogin******

[logs/iOS_iPhone 14 Pro Max INFO ] 2023-08-16 15:31:08.588 BaseTest:293 - login with standard_user
[logs/iOS_iPhone 14 Pro Max INFO ] 2023-08-16 15:31:11.161 BaseTest:293 - password is secret_sauce
[logs/iOS_iPhone 14 Pro Max INFO ] 2023-08-16 15:31:12.023 BaseTest:282 - press login button
[logs/iOS_iPhone 14 Pro Max INFO ] 2023-08-16 15:31:14.213 BaseTest:313 - product page title is - PRODUCTS
[logs/iOS_iPhone 14 Pro Max INFO ] 2023-08-16 15:31:17.980 ProductTests:70 - 
****** starting test:validateProductOnProductDetailsPage******

[logs/iOS_iPhone 14 Pro Max INFO ] 2023-08-16 15:31:20.408 BaseTest:293 - login with standard_user
[logs/iOS_iPhone 14 Pro Max INFO ] 2023-08-16 15:31:22.660 BaseTest:293 - password is secret_sauce
[logs/iOS_iPhone 14 Pro Max INFO ] 2023-08-16 15:31:23.498 BaseTest:282 - press login button
[logs/iOS_iPhone 14 Pro Max INFO ] 2023-08-16 15:31:25.081 BaseTest:282 - press SLB tile link
[logs/iOS_iPhone 14 Pro Max INFO ] 2023-08-16 15:31:26.773 BaseTest:313 - title is - Sauce Labs Backpack
[logs/iOS_iPhone 14 Pro Max INFO ] 2023-08-16 15:31:27.371 BaseTest:313 - txt is - carry.allTheThings() with the sleek, streamlined Sly Pack that melds uncompromising style with unequaled laptop and tablet protection.
[logs/iOS_iPhone 14 Pro Max ERROR] 2023-08-16 15:31:34.423 TestListener:34 - java.lang.AssertionError: The following asserts failed:
	expected [null] but found [Sauce Labs Backpack],
	expected [null] but found [carry.allTheThings() with the sleek, streamlined Sly Pack that melds uncompromising style with unequaled laptop and tablet protection.]
	at org.testng.asserts.SoftAssert.assertAll(SoftAssert.java:46)
	at org.testng.asserts.SoftAssert.assertAll(SoftAssert.java:30)
	at com.qa.tests.ProductTests.validateProductOnProductDetailsPage(ProductTests.java:115)
	at java.base/jdk.internal.reflect.NativeMethodAccessorImpl.invoke0(Native Method)
	at java.base/jdk.internal.reflect.NativeMethodAccessorImpl.invoke(NativeMethodAccessorImpl.java:64)
	at java.base/jdk.internal.reflect.DelegatingMethodAccessorImpl.invoke(DelegatingMethodAccessorImpl.java:43)
	at java.base/java.lang.reflect.Method.invoke(Method.java:564)
	at org.testng.internal.invokers.MethodInvocationHelper.invokeMethod(MethodInvocationHelper.java:139)
	at org.testng.internal.invokers.TestInvoker.invokeMethod(TestInvoker.java:664)
	at org.testng.internal.invokers.TestInvoker.invokeTestMethod(TestInvoker.java:227)
	at org.testng.internal.invokers.MethodRunner.runInSequence(MethodRunner.java:50)
	at org.testng.internal.invokers.TestInvoker$MethodInvocationAgent.invoke(TestInvoker.java:957)
	at org.testng.internal.invokers.TestInvoker.invokeTestMethods(TestInvoker.java:200)
	at org.testng.internal.invokers.TestMethodWorker.invokeTestMethods(TestMethodWorker.java:148)
	at org.testng.internal.invokers.TestMethodWorker.run(TestMethodWorker.java:128)
	at java.base/java.util.ArrayList.forEach(ArrayList.java:1511)
	at org.testng.TestRunner.privateRun(TestRunner.java:848)
	at org.testng.TestRunner.run(TestRunner.java:621)
	at org.testng.SuiteRunner.runTest(SuiteRunner.java:443)
	at org.testng.SuiteRunner.runSequentially(SuiteRunner.java:437)
	at org.testng.SuiteRunner.privateRun(SuiteRunner.java:397)
	at org.testng.SuiteRunner.run(SuiteRunner.java:336)
	at org.testng.SuiteRunnerWorker.runSuite(SuiteRunnerWorker.java:52)
	at org.testng.SuiteRunnerWorker.run(SuiteRunnerWorker.java:95)
	at org.testng.TestNG.runSuitesSequentially(TestNG.java:1280)
	at org.testng.TestNG.runSuitesLocally(TestNG.java:1200)
	at org.testng.TestNG.runSuites(TestNG.java:1114)
	at org.testng.TestNG.run(TestNG.java:1082)
	at org.apache.maven.surefire.testng.TestNGExecutor.run(TestNGExecutor.java:308)
	at org.apache.maven.surefire.testng.TestNGXmlTestSuite.execute(TestNGXmlTestSuite.java:71)
	at org.apache.maven.surefire.testng.TestNGProvider.invoke(TestNGProvider.java:113)
	at org.apache.maven.surefire.booter.ForkedBooter.runSuitesInProcess(ForkedBooter.java:385)
	at org.apache.maven.surefire.booter.ForkedBooter.execute(ForkedBooter.java:162)
	at org.apache.maven.surefire.booter.ForkedBooter.run(ForkedBooter.java:507)
	at org.apache.maven.surefire.booter.ForkedBooter.main(ForkedBooter.java:495)

[logs/iOS_iPhone 14 Pro Max INFO ] 2023-08-16 15:31:35.072 BaseTest:282 - press Settings button
[logs/iOS_iPhone 14 Pro Max INFO ] 2023-08-16 15:31:53.207 BaseTest:153 - Appium server stopped
[logs/iOS_iPhone 14 Pro Max INFO ] 2023-08-16 15:38:36.550 BaseTest:197 - log path: logs/iOS_iPhone 14 Pro Max
[logs/iOS_iPhone 14 Pro Max INFO ] 2023-08-16 15:38:36.590 BaseTest:204 - load config.properties
[logs/iOS_iPhone 14 Pro Max INFO ] 2023-08-16 15:38:36.594 BaseTest:209 - load strings/strings.xml
[logs/iOS_iPhone 14 Pro Max INFO ] 2023-08-16 15:38:36.624 BaseTest:241 - appUrl is/Users/annprodous/Documents/git/appiumcicd/src/test/resources/app/iOS.Simulator.SauceLabs.Mobile.Sample.app.2.7.1.app
[logs/iOS_iPhone 14 Pro Max INFO ] 2023-08-16 15:39:34.288 BaseTest:252 - driver initialized: IOSDriver:  on IOS (6baf7d0b-2ea0-4d65-b80b-95d823bcaf63)
[logs/iOS_iPhone 14 Pro Max INFO ] 2023-08-16 15:39:37.539 LoginTests:65 - 
****** starting test:invalidPassword******

[logs/iOS_iPhone 14 Pro Max INFO ] 2023-08-16 15:39:40.458 BaseTest:293 - login with standard_user
[logs/iOS_iPhone 14 Pro Max INFO ] 2023-08-16 15:39:42.858 BaseTest:293 - password is invalidpassword
[logs/iOS_iPhone 14 Pro Max INFO ] 2023-08-16 15:39:43.815 BaseTest:282 - press login button
[logs/iOS_iPhone 14 Pro Max INFO ] 2023-08-16 15:39:45.577 BaseTest:313 - error text is - Username and password do not match any user in this service.
[logs/iOS_iPhone 14 Pro Max INFO ] 2023-08-16 15:39:46.483 LoginTests:65 - 
****** starting test:invalidUserName******

[logs/iOS_iPhone 14 Pro Max INFO ] 2023-08-16 15:39:48.731 BaseTest:293 - login with invalidusername
[logs/iOS_iPhone 14 Pro Max INFO ] 2023-08-16 15:39:51.322 BaseTest:293 - password is secret_sauce
[logs/iOS_iPhone 14 Pro Max INFO ] 2023-08-16 15:39:52.172 BaseTest:282 - press login button
[logs/iOS_iPhone 14 Pro Max INFO ] 2023-08-16 15:39:53.757 BaseTest:313 - error text is - Username and password do not match any user in this service.
[logs/iOS_iPhone 14 Pro Max INFO ] 2023-08-16 15:39:54.692 LoginTests:65 - 
****** starting test:successfulLogin******

[logs/iOS_iPhone 14 Pro Max INFO ] 2023-08-16 15:39:56.855 BaseTest:293 - login with standard_user
[logs/iOS_iPhone 14 Pro Max INFO ] 2023-08-16 15:39:59.234 BaseTest:293 - password is secret_sauce
[logs/iOS_iPhone 14 Pro Max INFO ] 2023-08-16 15:40:00.088 BaseTest:282 - press login button
[logs/iOS_iPhone 14 Pro Max INFO ] 2023-08-16 15:40:02.220 BaseTest:313 - product page title is - PRODUCTS
[logs/iOS_iPhone 14 Pro Max INFO ] 2023-08-16 15:40:07.298 BaseTest:153 - Appium server stopped
[logs/iOS_iPhone 14 Pro Max INFO ] 2023-08-16 19:17:23.600 BaseTest:197 - log path: logs/iOS_iPhone 14 Pro Max
[logs/iOS_iPhone 14 Pro Max INFO ] 2023-08-16 19:17:23.654 BaseTest:204 - load config.properties
[logs/iOS_iPhone 14 Pro Max INFO ] 2023-08-16 19:17:23.661 BaseTest:209 - load strings/strings.xml
[logs/iOS_iPhone 14 Pro Max INFO ] 2023-08-16 19:17:23.693 BaseTest:241 - appUrl is/Users/annprodous/Documents/git/appiumcicd/src/test/resources/app/iOS.Simulator.SauceLabs.Mobile.Sample.app.2.7.1.app
[logs/iOS_iPhone 14 Pro Max INFO ] 2023-08-16 19:19:06.438 BaseTest:252 - driver initialized: IOSDriver:  on IOS (0e618d5a-b5d1-4161-a20c-4030a05200a4)
[logs/iOS_iPhone 14 Pro Max INFO ] 2023-08-16 19:19:10.934 ProductTests:70 - 
****** starting test:validateProductOnProductDetailsPage******

[logs/iOS_iPhone 14 Pro Max INFO ] 2023-08-16 19:19:13.734 BaseTest:293 - login with standard_user
[logs/iOS_iPhone 14 Pro Max INFO ] 2023-08-16 19:19:19.130 BaseTest:153 - Appium server stopped
[logs/iOS_iPhone 14 Pro Max INFO ] 2023-08-16 19:20:16.104 BaseTest:197 - log path: logs/iOS_iPhone 14 Pro Max
[logs/iOS_iPhone 14 Pro Max INFO ] 2023-08-16 19:20:16.143 BaseTest:204 - load config.properties
[logs/iOS_iPhone 14 Pro Max INFO ] 2023-08-16 19:20:16.149 BaseTest:209 - load strings/strings.xml
[logs/iOS_iPhone 14 Pro Max INFO ] 2023-08-16 19:20:16.181 BaseTest:241 - appUrl is/Users/annprodous/Documents/git/appiumcicd/src/test/resources/app/iOS.Simulator.SauceLabs.Mobile.Sample.app.2.7.1.app
[logs/iOS_iPhone 14 Pro Max INFO ] 2023-08-16 19:20:23.888 BaseTest:252 - driver initialized: IOSDriver:  on IOS (0c0a83a6-5dea-4c10-93d1-d2795dd3af45)
[logs/iOS_iPhone 14 Pro Max INFO ] 2023-08-16 19:20:27.125 ProductTests:70 - 
****** starting test:validateProductOnProductDetailsPage******

[logs/iOS_iPhone 14 Pro Max INFO ] 2023-08-16 19:20:29.894 BaseTest:293 - login with standard_user
[logs/iOS_iPhone 14 Pro Max INFO ] 2023-08-16 19:20:35.813 BaseTest:153 - Appium server stopped
[logs/iOS_iPhone 14 Pro Max INFO ] 2023-08-16 19:31:33.034 BaseTest:197 - log path: logs/iOS_iPhone 14 Pro Max
[logs/iOS_iPhone 14 Pro Max INFO ] 2023-08-16 19:31:33.085 BaseTest:204 - load config.properties
[logs/iOS_iPhone 14 Pro Max INFO ] 2023-08-16 19:31:33.091 BaseTest:209 - load strings/strings.xml
[logs/iOS_iPhone 14 Pro Max INFO ] 2023-08-16 19:31:33.113 BaseTest:241 - appUrl is/Users/annprodous/Documents/git/appiumcicd/src/test/resources/app/iOS.Simulator.SauceLabs.Mobile.Sample.app.2.7.1.app
[logs/iOS_iPhone 14 Pro Max INFO ] 2023-08-16 19:31:40.472 BaseTest:252 - driver initialized: IOSDriver:  on IOS (2c756aa8-0ff6-469c-b16d-5f72643b1db0)
[logs/iOS_iPhone 14 Pro Max INFO ] 2023-08-16 19:31:43.643 ProductTests:70 - 
****** starting test:validateProductOnProductDetailsPage******

[logs/iOS_iPhone 14 Pro Max INFO ] 2023-08-16 19:31:46.329 BaseTest:293 - login with standard_user
[logs/iOS_iPhone 14 Pro Max INFO ] 2023-08-16 19:31:54.084 BaseTest:153 - Appium server stopped
[logs/iOS_iPhone 14 Pro Max INFO ] 2023-08-16 19:34:39.928 BaseTest:197 - log path: logs/iOS_iPhone 14 Pro Max
[logs/iOS_iPhone 14 Pro Max INFO ] 2023-08-16 19:34:39.957 BaseTest:204 - load config.properties
[logs/iOS_iPhone 14 Pro Max INFO ] 2023-08-16 19:34:39.960 BaseTest:209 - load strings/strings.xml
[logs/iOS_iPhone 14 Pro Max INFO ] 2023-08-16 19:34:39.978 BaseTest:241 - appUrl is/Users/annprodous/Documents/git/appiumcicd/src/test/resources/app/iOS.Simulator.SauceLabs.Mobile.Sample.app.2.7.1.app
[logs/iOS_iPhone 14 Pro Max INFO ] 2023-08-16 19:34:47.394 BaseTest:252 - driver initialized: IOSDriver:  on IOS (ceb2c9dd-1950-49c4-b4a4-261e5cc4da7f)
[logs/iOS_iPhone 14 Pro Max INFO ] 2023-08-16 19:34:50.667 ProductTests:72 - 
****** starting test:validateProductOnProductDetailsPage******

[logs/iOS_iPhone 14 Pro Max INFO ] 2023-08-16 19:34:53.299 BaseTest:293 - login with standard_user
[logs/iOS_iPhone 14 Pro Max INFO ] 2023-08-16 19:34:58.777 BaseTest:153 - Appium server stopped
[logs/iOS_iPhone 14 Pro Max INFO ] 2023-08-16 19:41:37.717 BaseTest:197 - log path: logs/iOS_iPhone 14 Pro Max
[logs/iOS_iPhone 14 Pro Max INFO ] 2023-08-16 19:41:37.752 BaseTest:204 - load config.properties
[logs/iOS_iPhone 14 Pro Max INFO ] 2023-08-16 19:41:37.756 BaseTest:209 - load strings/strings.xml
[logs/iOS_iPhone 14 Pro Max INFO ] 2023-08-16 19:41:37.786 BaseTest:241 - appUrl is/Users/annprodous/Documents/git/appiumcicd/src/test/resources/app/iOS.Simulator.SauceLabs.Mobile.Sample.app.2.7.1.app
[logs/iOS_iPhone 14 Pro Max INFO ] 2023-08-16 19:41:44.957 BaseTest:252 - driver initialized: IOSDriver:  on IOS (1e00bc2e-dbfe-4d65-82b4-1b2d35c80ad4)
[logs/iOS_iPhone 14 Pro Max INFO ] 2023-08-16 19:41:48.413 ProductTests:74 - 
****** starting test:validateProductOnProductDetailsPage******

[logs/iOS_iPhone 14 Pro Max INFO ] 2023-08-16 19:41:51.125 BaseTest:293 - login with standard_user
[logs/iOS_iPhone 14 Pro Max INFO ] 2023-08-16 19:41:53.390 BaseTest:293 - password is secret_sauce
[logs/iOS_iPhone 14 Pro Max INFO ] 2023-08-16 19:41:54.232 BaseTest:282 - press login button
[logs/iOS_iPhone 14 Pro Max INFO ] 2023-08-16 19:42:03.266 BaseTest:153 - Appium server stopped
[logs/iOS_iPhone 14 Pro Max INFO ] 2023-08-16 19:47:35.272 BaseTest:199 - log path: logs/iOS_iPhone 14 Pro Max
[logs/iOS_iPhone 14 Pro Max INFO ] 2023-08-16 19:47:35.301 BaseTest:206 - load config.properties
[logs/iOS_iPhone 14 Pro Max INFO ] 2023-08-16 19:47:35.307 BaseTest:211 - load strings/strings.xml
[logs/iOS_iPhone 14 Pro Max INFO ] 2023-08-16 19:47:35.325 BaseTest:243 - appUrl is/Users/annprodous/Documents/git/appiumcicd/src/test/resources/app/iOS.Simulator.SauceLabs.Mobile.Sample.app.2.7.1.app
[logs/iOS_iPhone 14 Pro Max INFO ] 2023-08-16 19:47:42.473 BaseTest:254 - driver initialized: IOSDriver:  on IOS (4a8199b1-c653-4c60-b34a-36034ea9b4cd)
[logs/iOS_iPhone 14 Pro Max INFO ] 2023-08-16 19:47:45.881 ProductTests:74 - 
****** starting test:validateProductOnProductDetailsPage******

[logs/iOS_iPhone 14 Pro Max INFO ] 2023-08-16 19:47:48.468 BaseTest:295 - login with standard_user
[logs/iOS_iPhone 14 Pro Max INFO ] 2023-08-16 19:47:50.746 BaseTest:295 - password is secret_sauce
[logs/iOS_iPhone 14 Pro Max INFO ] 2023-08-16 19:47:51.592 BaseTest:284 - press login button
[logs/iOS_iPhone 14 Pro Max INFO ] 2023-08-16 19:48:00.696 BaseTest:155 - Appium server stopped
[logs/iOS_iPhone 14 Pro Max INFO ] 2023-08-16 19:53:44.384 BaseTest:199 - log path: logs/iOS_iPhone 14 Pro Max
[logs/iOS_iPhone 14 Pro Max INFO ] 2023-08-16 19:53:44.414 BaseTest:206 - load config.properties
[logs/iOS_iPhone 14 Pro Max INFO ] 2023-08-16 19:53:44.419 BaseTest:211 - load strings/strings.xml
[logs/iOS_iPhone 14 Pro Max INFO ] 2023-08-16 19:53:44.434 BaseTest:243 - appUrl is/Users/annprodous/Documents/git/appiumcicd/src/test/resources/app/iOS.Simulator.SauceLabs.Mobile.Sample.app.2.7.1.app
[logs/iOS_iPhone 14 Pro Max INFO ] 2023-08-16 19:53:52.640 BaseTest:256 - driver initialized: IOSDriver:  on IOS (3b6418bd-e191-40b1-84cd-8787c32f14e0)
[logs/iOS_iPhone 14 Pro Max INFO ] 2023-08-16 19:53:56.036 ProductTests:74 - 
****** starting test:validateProductOnProductDetailsPage******

[logs/iOS_iPhone 14 Pro Max INFO ] 2023-08-16 19:53:58.568 BaseTest:297 - login with standard_user
[logs/iOS_iPhone 14 Pro Max INFO ] 2023-08-16 19:54:00.793 BaseTest:297 - password is secret_sauce
[logs/iOS_iPhone 14 Pro Max INFO ] 2023-08-16 19:54:01.670 BaseTest:286 - press login button
[logs/iOS_iPhone 14 Pro Max INFO ] 2023-08-16 19:54:10.538 BaseTest:155 - Appium server stopped
[logs/iOS_iPhone 14 Pro Max INFO ] 2023-08-16 19:55:29.945 BaseTest:199 - log path: logs/iOS_iPhone 14 Pro Max
[logs/iOS_iPhone 14 Pro Max INFO ] 2023-08-16 19:55:29.979 BaseTest:206 - load config.properties
[logs/iOS_iPhone 14 Pro Max INFO ] 2023-08-16 19:55:29.984 BaseTest:211 - load strings/strings.xml
[logs/iOS_iPhone 14 Pro Max INFO ] 2023-08-16 19:55:30.006 BaseTest:243 - appUrl is/Users/annprodous/Documents/git/appiumcicd/src/test/resources/app/iOS.Simulator.SauceLabs.Mobile.Sample.app.2.7.1.app
[logs/iOS_iPhone 14 Pro Max INFO ] 2023-08-16 19:55:37.191 BaseTest:256 - driver initialized: IOSDriver:  on IOS (62b736cc-8b6b-49bf-8553-4f8e61351ead)
[logs/iOS_iPhone 14 Pro Max INFO ] 2023-08-16 19:55:40.587 ProductTests:74 - 
****** starting test:validateProductOnProductDetailsPage******

[logs/iOS_iPhone 14 Pro Max INFO ] 2023-08-16 19:55:43.188 BaseTest:297 - login with standard_user
[logs/iOS_iPhone 14 Pro Max INFO ] 2023-08-16 19:55:45.562 BaseTest:297 - password is secret_sauce
[logs/iOS_iPhone 14 Pro Max INFO ] 2023-08-16 19:55:46.444 BaseTest:286 - press login button
[logs/iOS_iPhone 14 Pro Max INFO ] 2023-08-16 19:55:55.218 BaseTest:155 - Appium server stopped
[logs/iOS_iPhone 14 Pro Max INFO ] 2023-08-16 19:57:01.182 BaseTest:199 - log path: logs/iOS_iPhone 14 Pro Max
[logs/iOS_iPhone 14 Pro Max INFO ] 2023-08-16 19:57:01.214 BaseTest:206 - load config.properties
[logs/iOS_iPhone 14 Pro Max INFO ] 2023-08-16 19:57:01.219 BaseTest:211 - load strings/strings.xml
[logs/iOS_iPhone 14 Pro Max INFO ] 2023-08-16 19:57:01.241 BaseTest:243 - appUrl is/Users/annprodous/Documents/git/appiumcicd/src/test/resources/app/iOS.Simulator.SauceLabs.Mobile.Sample.app.2.7.1.app
[logs/iOS_iPhone 14 Pro Max INFO ] 2023-08-16 19:57:08.210 BaseTest:256 - driver initialized: IOSDriver:  on IOS (e05e9235-49fb-481b-890f-19da5a497db5)
[logs/iOS_iPhone 14 Pro Max INFO ] 2023-08-16 19:57:11.747 ProductTests:74 - 
****** starting test:validateProductOnProductDetailsPage******

[logs/iOS_iPhone 14 Pro Max INFO ] 2023-08-16 19:57:14.488 BaseTest:297 - login with standard_user
[logs/iOS_iPhone 14 Pro Max INFO ] 2023-08-16 19:57:16.753 BaseTest:297 - password is secret_sauce
[logs/iOS_iPhone 14 Pro Max INFO ] 2023-08-16 19:57:17.584 BaseTest:286 - press login button
[logs/iOS_iPhone 14 Pro Max INFO ] 2023-08-16 19:57:26.057 BaseTest:155 - Appium server stopped
[logs/iOS_iPhone 14 Pro Max INFO ] 2023-08-16 20:00:53.823 BaseTest:199 - log path: logs/iOS_iPhone 14 Pro Max
[logs/iOS_iPhone 14 Pro Max INFO ] 2023-08-16 20:00:53.863 BaseTest:206 - load config.properties
[logs/iOS_iPhone 14 Pro Max INFO ] 2023-08-16 20:00:53.870 BaseTest:211 - load strings/strings.xml
[logs/iOS_iPhone 14 Pro Max INFO ] 2023-08-16 20:00:53.891 BaseTest:243 - appUrl is/Users/annprodous/Documents/git/appiumcicd/src/test/resources/app/iOS.Simulator.SauceLabs.Mobile.Sample.app.2.7.1.app
[logs/iOS_iPhone 14 Pro Max INFO ] 2023-08-16 20:01:02.055 BaseTest:256 - driver initialized: IOSDriver:  on IOS (12902230-4b88-46cd-89e0-2076c1895ebe)
[logs/iOS_iPhone 14 Pro Max INFO ] 2023-08-16 20:01:05.504 ProductTests:74 - 
****** starting test:validateProductOnProductDetailsPage******

[logs/iOS_iPhone 14 Pro Max INFO ] 2023-08-16 20:01:08.157 BaseTest:297 - login with standard_user
[logs/iOS_iPhone 14 Pro Max INFO ] 2023-08-16 20:01:10.411 BaseTest:297 - password is secret_sauce
[logs/iOS_iPhone 14 Pro Max INFO ] 2023-08-16 20:01:11.262 BaseTest:286 - press login button
[logs/iOS_iPhone 14 Pro Max INFO ] 2023-08-16 20:01:13.300 BaseTest:286 - press SLB tile link
[logs/iOS_iPhone 14 Pro Max INFO ] 2023-08-16 20:01:15.209 BaseTest:321 - title is - Sauce Labs Backpack
[logs/iOS_iPhone 14 Pro Max INFO ] 2023-08-16 20:01:15.842 BaseTest:321 - txt is - carry.allTheThings() with the sleek, streamlined Sly Pack that melds uncompromising style with unequaled laptop and tablet protection.
[logs/iOS_iPhone 14 Pro Max ERROR] 2023-08-16 20:01:22.888 TestListener:34 - java.lang.AssertionError: The following asserts failed:
	expected [null] but found [Sauce Labs Backpack],
	expected [null] but found [carry.allTheThings() with the sleek, streamlined Sly Pack that melds uncompromising style with unequaled laptop and tablet protection.]
	at org.testng.asserts.SoftAssert.assertAll(SoftAssert.java:46)
	at org.testng.asserts.SoftAssert.assertAll(SoftAssert.java:30)
	at com.qa.tests.ProductTests.validateProductOnProductDetailsPage(ProductTests.java:123)
	at java.base/jdk.internal.reflect.NativeMethodAccessorImpl.invoke0(Native Method)
	at java.base/jdk.internal.reflect.NativeMethodAccessorImpl.invoke(NativeMethodAccessorImpl.java:64)
	at java.base/jdk.internal.reflect.DelegatingMethodAccessorImpl.invoke(DelegatingMethodAccessorImpl.java:43)
	at java.base/java.lang.reflect.Method.invoke(Method.java:564)
	at org.testng.internal.invokers.MethodInvocationHelper.invokeMethod(MethodInvocationHelper.java:139)
	at org.testng.internal.invokers.TestInvoker.invokeMethod(TestInvoker.java:664)
	at org.testng.internal.invokers.TestInvoker.invokeTestMethod(TestInvoker.java:227)
	at org.testng.internal.invokers.MethodRunner.runInSequence(MethodRunner.java:50)
	at org.testng.internal.invokers.TestInvoker$MethodInvocationAgent.invoke(TestInvoker.java:957)
	at org.testng.internal.invokers.TestInvoker.invokeTestMethods(TestInvoker.java:200)
	at org.testng.internal.invokers.TestMethodWorker.invokeTestMethods(TestMethodWorker.java:148)
	at org.testng.internal.invokers.TestMethodWorker.run(TestMethodWorker.java:128)
	at java.base/java.util.ArrayList.forEach(ArrayList.java:1511)
	at org.testng.TestRunner.privateRun(TestRunner.java:848)
	at org.testng.TestRunner.run(TestRunner.java:621)
	at org.testng.SuiteRunner.runTest(SuiteRunner.java:443)
	at org.testng.SuiteRunner.runSequentially(SuiteRunner.java:437)
	at org.testng.SuiteRunner.privateRun(SuiteRunner.java:397)
	at org.testng.SuiteRunner.run(SuiteRunner.java:336)
	at org.testng.SuiteRunnerWorker.runSuite(SuiteRunnerWorker.java:52)
	at org.testng.SuiteRunnerWorker.run(SuiteRunnerWorker.java:95)
	at org.testng.TestNG.runSuitesSequentially(TestNG.java:1280)
	at org.testng.TestNG.runSuitesLocally(TestNG.java:1200)
	at org.testng.TestNG.runSuites(TestNG.java:1114)
	at org.testng.TestNG.run(TestNG.java:1082)
	at com.intellij.rt.testng.IDEARemoteTestNG.run(IDEARemoteTestNG.java:66)
	at com.intellij.rt.testng.RemoteTestNGStarter.main(RemoteTestNGStarter.java:105)

[logs/iOS_iPhone 14 Pro Max INFO ] 2023-08-16 20:01:31.058 BaseTest:155 - Appium server stopped
[logs/iOS_iPhone 14 Pro Max INFO ] 2023-08-16 20:05:13.517 BaseTest:199 - log path: logs/iOS_iPhone 14 Pro Max
[logs/iOS_iPhone 14 Pro Max INFO ] 2023-08-16 20:05:13.552 BaseTest:206 - load config.properties
[logs/iOS_iPhone 14 Pro Max INFO ] 2023-08-16 20:05:13.558 BaseTest:211 - load strings/strings.xml
[logs/iOS_iPhone 14 Pro Max INFO ] 2023-08-16 20:05:13.582 BaseTest:243 - appUrl is/Users/annprodous/Documents/git/appiumcicd/src/test/resources/app/iOS.Simulator.SauceLabs.Mobile.Sample.app.2.7.1.app
[logs/iOS_iPhone 14 Pro Max INFO ] 2023-08-16 20:05:20.343 BaseTest:256 - driver initialized: IOSDriver:  on IOS (fdd42ef7-e2c5-4962-9a54-e7c0d7b9c98e)
[logs/iOS_iPhone 14 Pro Max INFO ] 2023-08-16 20:05:23.799 ProductTests:74 - 
****** starting test:validateProductOnProductDetailsPage******

[logs/iOS_iPhone 14 Pro Max INFO ] 2023-08-16 20:05:26.491 BaseTest:297 - login with standard_user
[logs/iOS_iPhone 14 Pro Max INFO ] 2023-08-16 20:05:28.761 BaseTest:297 - password is secret_sauce
[logs/iOS_iPhone 14 Pro Max INFO ] 2023-08-16 20:05:29.637 BaseTest:286 - press login button
[logs/iOS_iPhone 14 Pro Max INFO ] 2023-08-16 20:05:31.612 BaseTest:286 - press SLB tile link
[logs/iOS_iPhone 14 Pro Max INFO ] 2023-08-16 20:05:33.733 BaseTest:321 - title is - Sauce Labs Backpack
[logs/iOS_iPhone 14 Pro Max INFO ] 2023-08-16 20:05:34.398 BaseTest:321 - txt is - carry.allTheThings() with the sleek, streamlined Sly Pack that melds uncompromising style with unequaled laptop and tablet protection.
[logs/iOS_iPhone 14 Pro Max ERROR] 2023-08-16 20:05:41.521 TestListener:34 - java.lang.AssertionError: The following asserts failed:
	expected [null] but found [Sauce Labs Backpack],
	expected [null] but found [carry.allTheThings() with the sleek, streamlined Sly Pack that melds uncompromising style with unequaled laptop and tablet protection.]
	at org.testng.asserts.SoftAssert.assertAll(SoftAssert.java:46)
	at org.testng.asserts.SoftAssert.assertAll(SoftAssert.java:30)
	at com.qa.tests.ProductTests.validateProductOnProductDetailsPage(ProductTests.java:123)
	at java.base/jdk.internal.reflect.NativeMethodAccessorImpl.invoke0(Native Method)
	at java.base/jdk.internal.reflect.NativeMethodAccessorImpl.invoke(NativeMethodAccessorImpl.java:64)
	at java.base/jdk.internal.reflect.DelegatingMethodAccessorImpl.invoke(DelegatingMethodAccessorImpl.java:43)
	at java.base/java.lang.reflect.Method.invoke(Method.java:564)
	at org.testng.internal.invokers.MethodInvocationHelper.invokeMethod(MethodInvocationHelper.java:139)
	at org.testng.internal.invokers.TestInvoker.invokeMethod(TestInvoker.java:664)
	at org.testng.internal.invokers.TestInvoker.invokeTestMethod(TestInvoker.java:227)
	at org.testng.internal.invokers.MethodRunner.runInSequence(MethodRunner.java:50)
	at org.testng.internal.invokers.TestInvoker$MethodInvocationAgent.invoke(TestInvoker.java:957)
	at org.testng.internal.invokers.TestInvoker.invokeTestMethods(TestInvoker.java:200)
	at org.testng.internal.invokers.TestMethodWorker.invokeTestMethods(TestMethodWorker.java:148)
	at org.testng.internal.invokers.TestMethodWorker.run(TestMethodWorker.java:128)
	at java.base/java.util.ArrayList.forEach(ArrayList.java:1511)
	at org.testng.TestRunner.privateRun(TestRunner.java:848)
	at org.testng.TestRunner.run(TestRunner.java:621)
	at org.testng.SuiteRunner.runTest(SuiteRunner.java:443)
	at org.testng.SuiteRunner.runSequentially(SuiteRunner.java:437)
	at org.testng.SuiteRunner.privateRun(SuiteRunner.java:397)
	at org.testng.SuiteRunner.run(SuiteRunner.java:336)
	at org.testng.SuiteRunnerWorker.runSuite(SuiteRunnerWorker.java:52)
	at org.testng.SuiteRunnerWorker.run(SuiteRunnerWorker.java:95)
	at org.testng.TestNG.runSuitesSequentially(TestNG.java:1280)
	at org.testng.TestNG.runSuitesLocally(TestNG.java:1200)
	at org.testng.TestNG.runSuites(TestNG.java:1114)
	at org.testng.TestNG.run(TestNG.java:1082)
	at com.intellij.rt.testng.IDEARemoteTestNG.run(IDEARemoteTestNG.java:66)
	at com.intellij.rt.testng.RemoteTestNGStarter.main(RemoteTestNGStarter.java:105)

[logs/iOS_iPhone 14 Pro Max INFO ] 2023-08-16 20:05:47.421 BaseTest:155 - Appium server stopped
[logs/iOS_iPhone 14 Pro Max INFO ] 2023-08-16 20:06:56.229 BaseTest:199 - log path: logs/iOS_iPhone 14 Pro Max
[logs/iOS_iPhone 14 Pro Max INFO ] 2023-08-16 20:06:56.265 BaseTest:206 - load config.properties
[logs/iOS_iPhone 14 Pro Max INFO ] 2023-08-16 20:06:56.270 BaseTest:211 - load strings/strings.xml
[logs/iOS_iPhone 14 Pro Max INFO ] 2023-08-16 20:06:56.298 BaseTest:243 - appUrl is/Users/annprodous/Documents/git/appiumcicd/src/test/resources/app/iOS.Simulator.SauceLabs.Mobile.Sample.app.2.7.1.app
[logs/iOS_iPhone 14 Pro Max INFO ] 2023-08-16 20:07:04.080 BaseTest:256 - driver initialized: IOSDriver:  on IOS (b6d102dc-a84e-4fae-b8c9-c759a5fd34a7)
[logs/iOS_iPhone 14 Pro Max INFO ] 2023-08-16 20:07:07.564 ProductTests:74 - 
****** starting test:validateProductOnProductDetailsPage******

[logs/iOS_iPhone 14 Pro Max INFO ] 2023-08-16 20:07:10.180 BaseTest:297 - login with standard_user
[logs/iOS_iPhone 14 Pro Max INFO ] 2023-08-16 20:07:12.464 BaseTest:297 - password is secret_sauce
[logs/iOS_iPhone 14 Pro Max INFO ] 2023-08-16 20:07:13.319 BaseTest:286 - press login button
[logs/iOS_iPhone 14 Pro Max INFO ] 2023-08-16 20:07:15.273 BaseTest:286 - press SLB tile link
[logs/iOS_iPhone 14 Pro Max INFO ] 2023-08-16 20:07:17.131 BaseTest:321 - title is - Sauce Labs Backpack
[logs/iOS_iPhone 14 Pro Max INFO ] 2023-08-16 20:07:17.692 BaseTest:321 - txt is - carry.allTheThings() with the sleek, streamlined Sly Pack that melds uncompromising style with unequaled laptop and tablet protection.
[logs/iOS_iPhone 14 Pro Max ERROR] 2023-08-16 20:07:24.785 TestListener:34 - java.lang.AssertionError: The following asserts failed:
	expected [null] but found [Sauce Labs Backpack],
	expected [null] but found [carry.allTheThings() with the sleek, streamlined Sly Pack that melds uncompromising style with unequaled laptop and tablet protection.]
	at org.testng.asserts.SoftAssert.assertAll(SoftAssert.java:46)
	at org.testng.asserts.SoftAssert.assertAll(SoftAssert.java:30)
	at com.qa.tests.ProductTests.validateProductOnProductDetailsPage(ProductTests.java:123)
	at java.base/jdk.internal.reflect.NativeMethodAccessorImpl.invoke0(Native Method)
	at java.base/jdk.internal.reflect.NativeMethodAccessorImpl.invoke(NativeMethodAccessorImpl.java:64)
	at java.base/jdk.internal.reflect.DelegatingMethodAccessorImpl.invoke(DelegatingMethodAccessorImpl.java:43)
	at java.base/java.lang.reflect.Method.invoke(Method.java:564)
	at org.testng.internal.invokers.MethodInvocationHelper.invokeMethod(MethodInvocationHelper.java:139)
	at org.testng.internal.invokers.TestInvoker.invokeMethod(TestInvoker.java:664)
	at org.testng.internal.invokers.TestInvoker.invokeTestMethod(TestInvoker.java:227)
	at org.testng.internal.invokers.MethodRunner.runInSequence(MethodRunner.java:50)
	at org.testng.internal.invokers.TestInvoker$MethodInvocationAgent.invoke(TestInvoker.java:957)
	at org.testng.internal.invokers.TestInvoker.invokeTestMethods(TestInvoker.java:200)
	at org.testng.internal.invokers.TestMethodWorker.invokeTestMethods(TestMethodWorker.java:148)
	at org.testng.internal.invokers.TestMethodWorker.run(TestMethodWorker.java:128)
	at java.base/java.util.ArrayList.forEach(ArrayList.java:1511)
	at org.testng.TestRunner.privateRun(TestRunner.java:848)
	at org.testng.TestRunner.run(TestRunner.java:621)
	at org.testng.SuiteRunner.runTest(SuiteRunner.java:443)
	at org.testng.SuiteRunner.runSequentially(SuiteRunner.java:437)
	at org.testng.SuiteRunner.privateRun(SuiteRunner.java:397)
	at org.testng.SuiteRunner.run(SuiteRunner.java:336)
	at org.testng.SuiteRunnerWorker.runSuite(SuiteRunnerWorker.java:52)
	at org.testng.SuiteRunnerWorker.run(SuiteRunnerWorker.java:95)
	at org.testng.TestNG.runSuitesSequentially(TestNG.java:1280)
	at org.testng.TestNG.runSuitesLocally(TestNG.java:1200)
	at org.testng.TestNG.runSuites(TestNG.java:1114)
	at org.testng.TestNG.run(TestNG.java:1082)
	at com.intellij.rt.testng.IDEARemoteTestNG.run(IDEARemoteTestNG.java:66)
	at com.intellij.rt.testng.RemoteTestNGStarter.main(RemoteTestNGStarter.java:105)

[logs/iOS_iPhone 14 Pro Max INFO ] 2023-08-16 20:07:30.646 BaseTest:155 - Appium server stopped
[logs/iOS_iPhone 14 Pro Max INFO ] 2023-08-16 20:09:24.411 BaseTest:199 - log path: logs/iOS_iPhone 14 Pro Max
[logs/iOS_iPhone 14 Pro Max INFO ] 2023-08-16 20:09:24.449 BaseTest:206 - load config.properties
[logs/iOS_iPhone 14 Pro Max INFO ] 2023-08-16 20:09:24.455 BaseTest:211 - load strings/strings.xml
[logs/iOS_iPhone 14 Pro Max INFO ] 2023-08-16 20:09:24.479 BaseTest:243 - appUrl is/Users/annprodous/Documents/git/appiumcicd/src/test/resources/app/iOS.Simulator.SauceLabs.Mobile.Sample.app.2.7.1.app
[logs/iOS_iPhone 14 Pro Max INFO ] 2023-08-16 20:09:36.833 BaseTest:256 - driver initialized: IOSDriver:  on IOS (0cbb5f71-5e6c-4c01-958c-0694ace93703)
[logs/iOS_iPhone 14 Pro Max INFO ] 2023-08-16 20:09:40.398 ProductTests:74 - 
****** starting test:validateProductOnProductDetailsPage******

[logs/iOS_iPhone 14 Pro Max INFO ] 2023-08-16 20:09:43.078 BaseTest:297 - login with standard_user
[logs/iOS_iPhone 14 Pro Max INFO ] 2023-08-16 20:09:45.426 BaseTest:297 - password is secret_sauce
[logs/iOS_iPhone 14 Pro Max INFO ] 2023-08-16 20:09:46.296 BaseTest:286 - press login button
[logs/iOS_iPhone 14 Pro Max INFO ] 2023-08-16 20:09:48.260 BaseTest:286 - press SLB tile link
[logs/iOS_iPhone 14 Pro Max INFO ] 2023-08-16 20:09:50.072 BaseTest:321 - title is - Sauce Labs Backpack
[logs/iOS_iPhone 14 Pro Max INFO ] 2023-08-16 20:09:50.713 BaseTest:321 - txt is - carry.allTheThings() with the sleek, streamlined Sly Pack that melds uncompromising style with unequaled laptop and tablet protection.
[logs/iOS_iPhone 14 Pro Max ERROR] 2023-08-16 20:09:57.761 TestListener:34 - java.lang.AssertionError: The following asserts failed:
	expected [null] but found [Sauce Labs Backpack],
	expected [null] but found [carry.allTheThings() with the sleek, streamlined Sly Pack that melds uncompromising style with unequaled laptop and tablet protection.]
	at org.testng.asserts.SoftAssert.assertAll(SoftAssert.java:46)
	at org.testng.asserts.SoftAssert.assertAll(SoftAssert.java:30)
	at com.qa.tests.ProductTests.validateProductOnProductDetailsPage(ProductTests.java:124)
	at java.base/jdk.internal.reflect.NativeMethodAccessorImpl.invoke0(Native Method)
	at java.base/jdk.internal.reflect.NativeMethodAccessorImpl.invoke(NativeMethodAccessorImpl.java:64)
	at java.base/jdk.internal.reflect.DelegatingMethodAccessorImpl.invoke(DelegatingMethodAccessorImpl.java:43)
	at java.base/java.lang.reflect.Method.invoke(Method.java:564)
	at org.testng.internal.invokers.MethodInvocationHelper.invokeMethod(MethodInvocationHelper.java:139)
	at org.testng.internal.invokers.TestInvoker.invokeMethod(TestInvoker.java:664)
	at org.testng.internal.invokers.TestInvoker.invokeTestMethod(TestInvoker.java:227)
	at org.testng.internal.invokers.MethodRunner.runInSequence(MethodRunner.java:50)
	at org.testng.internal.invokers.TestInvoker$MethodInvocationAgent.invoke(TestInvoker.java:957)
	at org.testng.internal.invokers.TestInvoker.invokeTestMethods(TestInvoker.java:200)
	at org.testng.internal.invokers.TestMethodWorker.invokeTestMethods(TestMethodWorker.java:148)
	at org.testng.internal.invokers.TestMethodWorker.run(TestMethodWorker.java:128)
	at java.base/java.util.ArrayList.forEach(ArrayList.java:1511)
	at org.testng.TestRunner.privateRun(TestRunner.java:848)
	at org.testng.TestRunner.run(TestRunner.java:621)
	at org.testng.SuiteRunner.runTest(SuiteRunner.java:443)
	at org.testng.SuiteRunner.runSequentially(SuiteRunner.java:437)
	at org.testng.SuiteRunner.privateRun(SuiteRunner.java:397)
	at org.testng.SuiteRunner.run(SuiteRunner.java:336)
	at org.testng.SuiteRunnerWorker.runSuite(SuiteRunnerWorker.java:52)
	at org.testng.SuiteRunnerWorker.run(SuiteRunnerWorker.java:95)
	at org.testng.TestNG.runSuitesSequentially(TestNG.java:1280)
	at org.testng.TestNG.runSuitesLocally(TestNG.java:1200)
	at org.testng.TestNG.runSuites(TestNG.java:1114)
	at org.testng.TestNG.run(TestNG.java:1082)
	at com.intellij.rt.testng.IDEARemoteTestNG.run(IDEARemoteTestNG.java:66)
	at com.intellij.rt.testng.RemoteTestNGStarter.main(RemoteTestNGStarter.java:105)

[logs/iOS_iPhone 14 Pro Max INFO ] 2023-08-16 20:10:06.429 BaseTest:155 - Appium server stopped
[logs/iOS_iPhone 14 Pro Max INFO ] 2023-08-16 20:11:17.418 BaseTest:199 - log path: logs/iOS_iPhone 14 Pro Max
[logs/iOS_iPhone 14 Pro Max INFO ] 2023-08-16 20:11:17.454 BaseTest:206 - load config.properties
[logs/iOS_iPhone 14 Pro Max INFO ] 2023-08-16 20:11:17.461 BaseTest:211 - load strings/strings.xml
[logs/iOS_iPhone 14 Pro Max INFO ] 2023-08-16 20:11:17.483 BaseTest:243 - appUrl is/Users/annprodous/Documents/git/appiumcicd/src/test/resources/app/iOS.Simulator.SauceLabs.Mobile.Sample.app.2.7.1.app
[logs/iOS_iPhone 14 Pro Max INFO ] 2023-08-16 20:11:24.136 BaseTest:256 - driver initialized: IOSDriver:  on IOS (fcb49964-b4d1-4078-a99f-cc86e05c1d86)
[logs/iOS_iPhone 14 Pro Max INFO ] 2023-08-16 20:11:27.741 ProductTests:74 - 
****** starting test:validateProductOnProductDetailsPage******

[logs/iOS_iPhone 14 Pro Max INFO ] 2023-08-16 20:11:30.343 BaseTest:297 - login with standard_user
[logs/iOS_iPhone 14 Pro Max INFO ] 2023-08-16 20:11:32.737 BaseTest:297 - password is secret_sauce
[logs/iOS_iPhone 14 Pro Max INFO ] 2023-08-16 20:11:33.660 BaseTest:286 - press login button
[logs/iOS_iPhone 14 Pro Max INFO ] 2023-08-16 20:11:36.171 BaseTest:286 - press SLB tile link
[logs/iOS_iPhone 14 Pro Max INFO ] 2023-08-16 20:11:38.478 BaseTest:321 - title is - Sauce Labs Backpack
[logs/iOS_iPhone 14 Pro Max INFO ] 2023-08-16 20:11:39.078 BaseTest:321 - txt is - carry.allTheThings() with the sleek, streamlined Sly Pack that melds uncompromising style with unequaled laptop and tablet protection.
[logs/iOS_iPhone 14 Pro Max ERROR] 2023-08-16 20:11:46.199 TestListener:34 - java.lang.AssertionError: The following asserts failed:
	expected [null] but found [Sauce Labs Backpack],
	expected [null] but found [carry.allTheThings() with the sleek, streamlined Sly Pack that melds uncompromising style with unequaled laptop and tablet protection.]
	at org.testng.asserts.SoftAssert.assertAll(SoftAssert.java:46)
	at org.testng.asserts.SoftAssert.assertAll(SoftAssert.java:30)
	at com.qa.tests.ProductTests.validateProductOnProductDetailsPage(ProductTests.java:125)
	at java.base/jdk.internal.reflect.NativeMethodAccessorImpl.invoke0(Native Method)
	at java.base/jdk.internal.reflect.NativeMethodAccessorImpl.invoke(NativeMethodAccessorImpl.java:64)
	at java.base/jdk.internal.reflect.DelegatingMethodAccessorImpl.invoke(DelegatingMethodAccessorImpl.java:43)
	at java.base/java.lang.reflect.Method.invoke(Method.java:564)
	at org.testng.internal.invokers.MethodInvocationHelper.invokeMethod(MethodInvocationHelper.java:139)
	at org.testng.internal.invokers.TestInvoker.invokeMethod(TestInvoker.java:664)
	at org.testng.internal.invokers.TestInvoker.invokeTestMethod(TestInvoker.java:227)
	at org.testng.internal.invokers.MethodRunner.runInSequence(MethodRunner.java:50)
	at org.testng.internal.invokers.TestInvoker$MethodInvocationAgent.invoke(TestInvoker.java:957)
	at org.testng.internal.invokers.TestInvoker.invokeTestMethods(TestInvoker.java:200)
	at org.testng.internal.invokers.TestMethodWorker.invokeTestMethods(TestMethodWorker.java:148)
	at org.testng.internal.invokers.TestMethodWorker.run(TestMethodWorker.java:128)
	at java.base/java.util.ArrayList.forEach(ArrayList.java:1511)
	at org.testng.TestRunner.privateRun(TestRunner.java:848)
	at org.testng.TestRunner.run(TestRunner.java:621)
	at org.testng.SuiteRunner.runTest(SuiteRunner.java:443)
	at org.testng.SuiteRunner.runSequentially(SuiteRunner.java:437)
	at org.testng.SuiteRunner.privateRun(SuiteRunner.java:397)
	at org.testng.SuiteRunner.run(SuiteRunner.java:336)
	at org.testng.SuiteRunnerWorker.runSuite(SuiteRunnerWorker.java:52)
	at org.testng.SuiteRunnerWorker.run(SuiteRunnerWorker.java:95)
	at org.testng.TestNG.runSuitesSequentially(TestNG.java:1280)
	at org.testng.TestNG.runSuitesLocally(TestNG.java:1200)
	at org.testng.TestNG.runSuites(TestNG.java:1114)
	at org.testng.TestNG.run(TestNG.java:1082)
	at com.intellij.rt.testng.IDEARemoteTestNG.run(IDEARemoteTestNG.java:66)
	at com.intellij.rt.testng.RemoteTestNGStarter.main(RemoteTestNGStarter.java:105)

[logs/iOS_iPhone 14 Pro Max INFO ] 2023-08-16 20:11:54.189 BaseTest:155 - Appium server stopped
[logs/iOS_iPhone 14 Pro Max INFO ] 2023-08-16 20:13:09.858 BaseTest:199 - log path: logs/iOS_iPhone 14 Pro Max
[logs/iOS_iPhone 14 Pro Max INFO ] 2023-08-16 20:13:09.891 BaseTest:206 - load config.properties
[logs/iOS_iPhone 14 Pro Max INFO ] 2023-08-16 20:13:09.896 BaseTest:211 - load strings/strings.xml
[logs/iOS_iPhone 14 Pro Max INFO ] 2023-08-16 20:13:09.915 BaseTest:243 - appUrl is/Users/annprodous/Documents/git/appiumcicd/src/test/resources/app/iOS.Simulator.SauceLabs.Mobile.Sample.app.2.7.1.app
[logs/iOS_iPhone 14 Pro Max INFO ] 2023-08-16 20:13:17.486 BaseTest:256 - driver initialized: IOSDriver:  on IOS (c3ff15b4-1f3c-4e38-bbb7-a916fe5283ad)
[logs/iOS_iPhone 14 Pro Max INFO ] 2023-08-16 20:13:20.958 ProductTests:74 - 
****** starting test:validateProductOnProductDetailsPage******

[logs/iOS_iPhone 14 Pro Max INFO ] 2023-08-16 20:13:23.568 BaseTest:297 - login with standard_user
[logs/iOS_iPhone 14 Pro Max INFO ] 2023-08-16 20:13:25.904 BaseTest:297 - password is secret_sauce
[logs/iOS_iPhone 14 Pro Max INFO ] 2023-08-16 20:13:26.904 BaseTest:286 - press login button
[logs/iOS_iPhone 14 Pro Max INFO ] 2023-08-16 20:13:28.738 BaseTest:286 - press SLB tile link
[logs/iOS_iPhone 14 Pro Max INFO ] 2023-08-16 20:13:30.682 BaseTest:321 - title is - Sauce Labs Backpack
[logs/iOS_iPhone 14 Pro Max INFO ] 2023-08-16 20:13:31.297 BaseTest:321 - txt is - carry.allTheThings() with the sleek, streamlined Sly Pack that melds uncompromising style with unequaled laptop and tablet protection.
[logs/iOS_iPhone 14 Pro Max ERROR] 2023-08-16 20:13:38.393 TestListener:34 - java.lang.AssertionError: The following asserts failed:
	expected [null] but found [Sauce Labs Backpack],
	expected [null] but found [carry.allTheThings() with the sleek, streamlined Sly Pack that melds uncompromising style with unequaled laptop and tablet protection.]
	at org.testng.asserts.SoftAssert.assertAll(SoftAssert.java:46)
	at org.testng.asserts.SoftAssert.assertAll(SoftAssert.java:30)
	at com.qa.tests.ProductTests.validateProductOnProductDetailsPage(ProductTests.java:125)
	at java.base/jdk.internal.reflect.NativeMethodAccessorImpl.invoke0(Native Method)
	at java.base/jdk.internal.reflect.NativeMethodAccessorImpl.invoke(NativeMethodAccessorImpl.java:64)
	at java.base/jdk.internal.reflect.DelegatingMethodAccessorImpl.invoke(DelegatingMethodAccessorImpl.java:43)
	at java.base/java.lang.reflect.Method.invoke(Method.java:564)
	at org.testng.internal.invokers.MethodInvocationHelper.invokeMethod(MethodInvocationHelper.java:139)
	at org.testng.internal.invokers.TestInvoker.invokeMethod(TestInvoker.java:664)
	at org.testng.internal.invokers.TestInvoker.invokeTestMethod(TestInvoker.java:227)
	at org.testng.internal.invokers.MethodRunner.runInSequence(MethodRunner.java:50)
	at org.testng.internal.invokers.TestInvoker$MethodInvocationAgent.invoke(TestInvoker.java:957)
	at org.testng.internal.invokers.TestInvoker.invokeTestMethods(TestInvoker.java:200)
	at org.testng.internal.invokers.TestMethodWorker.invokeTestMethods(TestMethodWorker.java:148)
	at org.testng.internal.invokers.TestMethodWorker.run(TestMethodWorker.java:128)
	at java.base/java.util.ArrayList.forEach(ArrayList.java:1511)
	at org.testng.TestRunner.privateRun(TestRunner.java:848)
	at org.testng.TestRunner.run(TestRunner.java:621)
	at org.testng.SuiteRunner.runTest(SuiteRunner.java:443)
	at org.testng.SuiteRunner.runSequentially(SuiteRunner.java:437)
	at org.testng.SuiteRunner.privateRun(SuiteRunner.java:397)
	at org.testng.SuiteRunner.run(SuiteRunner.java:336)
	at org.testng.SuiteRunnerWorker.runSuite(SuiteRunnerWorker.java:52)
	at org.testng.SuiteRunnerWorker.run(SuiteRunnerWorker.java:95)
	at org.testng.TestNG.runSuitesSequentially(TestNG.java:1280)
	at org.testng.TestNG.runSuitesLocally(TestNG.java:1200)
	at org.testng.TestNG.runSuites(TestNG.java:1114)
	at org.testng.TestNG.run(TestNG.java:1082)
	at com.intellij.rt.testng.IDEARemoteTestNG.run(IDEARemoteTestNG.java:66)
	at com.intellij.rt.testng.RemoteTestNGStarter.main(RemoteTestNGStarter.java:105)

[logs/iOS_iPhone 14 Pro Max INFO ] 2023-08-16 20:13:44.426 BaseTest:155 - Appium server stopped
[logs/iOS_iPhone 14 Pro Max INFO ] 2023-08-16 20:19:11.230 BaseTest:199 - log path: logs/iOS_iPhone 14 Pro Max
[logs/iOS_iPhone 14 Pro Max INFO ] 2023-08-16 20:19:11.287 BaseTest:206 - load config.properties
[logs/iOS_iPhone 14 Pro Max INFO ] 2023-08-16 20:19:11.292 BaseTest:211 - load strings/strings.xml
[logs/iOS_iPhone 14 Pro Max INFO ] 2023-08-16 20:19:11.311 BaseTest:243 - appUrl is/Users/annprodous/Documents/git/appiumcicd/src/test/resources/app/iOS.Simulator.SauceLabs.Mobile.Sample.app.2.7.1.app
[logs/iOS_iPhone 14 Pro Max INFO ] 2023-08-16 20:19:18.372 BaseTest:256 - driver initialized: IOSDriver:  on IOS (656ccb92-9251-4615-a1ea-626fa9d9ed2d)
[logs/iOS_iPhone 14 Pro Max INFO ] 2023-08-16 20:19:21.885 ProductTests:74 - 
****** starting test:validateProductOnProductDetailsPage******

[logs/iOS_iPhone 14 Pro Max INFO ] 2023-08-16 20:19:24.466 BaseTest:297 - login with standard_user
[logs/iOS_iPhone 14 Pro Max INFO ] 2023-08-16 20:19:26.732 BaseTest:297 - password is secret_sauce
[logs/iOS_iPhone 14 Pro Max INFO ] 2023-08-16 20:19:27.565 BaseTest:286 - press login button
[logs/iOS_iPhone 14 Pro Max INFO ] 2023-08-16 20:19:29.597 BaseTest:286 - press SLB tile link
[logs/iOS_iPhone 14 Pro Max INFO ] 2023-08-16 20:19:31.508 BaseTest:321 - title is - Sauce Labs Backpack
[logs/iOS_iPhone 14 Pro Max INFO ] 2023-08-16 20:19:32.074 BaseTest:321 - txt is - carry.allTheThings() with the sleek, streamlined Sly Pack that melds uncompromising style with unequaled laptop and tablet protection.
[logs/iOS_iPhone 14 Pro Max ERROR] 2023-08-16 20:19:39.143 TestListener:34 - java.lang.AssertionError: The following asserts failed:
	expected [null] but found [Sauce Labs Backpack],
	expected [null] but found [carry.allTheThings() with the sleek, streamlined Sly Pack that melds uncompromising style with unequaled laptop and tablet protection.]
	at org.testng.asserts.SoftAssert.assertAll(SoftAssert.java:46)
	at org.testng.asserts.SoftAssert.assertAll(SoftAssert.java:30)
	at com.qa.tests.ProductTests.validateProductOnProductDetailsPage(ProductTests.java:125)
	at java.base/jdk.internal.reflect.NativeMethodAccessorImpl.invoke0(Native Method)
	at java.base/jdk.internal.reflect.NativeMethodAccessorImpl.invoke(NativeMethodAccessorImpl.java:64)
	at java.base/jdk.internal.reflect.DelegatingMethodAccessorImpl.invoke(DelegatingMethodAccessorImpl.java:43)
	at java.base/java.lang.reflect.Method.invoke(Method.java:564)
	at org.testng.internal.invokers.MethodInvocationHelper.invokeMethod(MethodInvocationHelper.java:139)
	at org.testng.internal.invokers.TestInvoker.invokeMethod(TestInvoker.java:664)
	at org.testng.internal.invokers.TestInvoker.invokeTestMethod(TestInvoker.java:227)
	at org.testng.internal.invokers.MethodRunner.runInSequence(MethodRunner.java:50)
	at org.testng.internal.invokers.TestInvoker$MethodInvocationAgent.invoke(TestInvoker.java:957)
	at org.testng.internal.invokers.TestInvoker.invokeTestMethods(TestInvoker.java:200)
	at org.testng.internal.invokers.TestMethodWorker.invokeTestMethods(TestMethodWorker.java:148)
	at org.testng.internal.invokers.TestMethodWorker.run(TestMethodWorker.java:128)
	at java.base/java.util.ArrayList.forEach(ArrayList.java:1511)
	at org.testng.TestRunner.privateRun(TestRunner.java:848)
	at org.testng.TestRunner.run(TestRunner.java:621)
	at org.testng.SuiteRunner.runTest(SuiteRunner.java:443)
	at org.testng.SuiteRunner.runSequentially(SuiteRunner.java:437)
	at org.testng.SuiteRunner.privateRun(SuiteRunner.java:397)
	at org.testng.SuiteRunner.run(SuiteRunner.java:336)
	at org.testng.SuiteRunnerWorker.runSuite(SuiteRunnerWorker.java:52)
	at org.testng.SuiteRunnerWorker.run(SuiteRunnerWorker.java:95)
	at org.testng.TestNG.runSuitesSequentially(TestNG.java:1280)
	at org.testng.TestNG.runSuitesLocally(TestNG.java:1200)
	at org.testng.TestNG.runSuites(TestNG.java:1114)
	at org.testng.TestNG.run(TestNG.java:1082)
	at com.intellij.rt.testng.IDEARemoteTestNG.run(IDEARemoteTestNG.java:66)
	at com.intellij.rt.testng.RemoteTestNGStarter.main(RemoteTestNGStarter.java:105)

[logs/iOS_iPhone 14 Pro Max INFO ] 2023-08-16 20:19:47.103 BaseTest:155 - Appium server stopped
[logs/iOS_iPhone 14 Pro Max INFO ] 2023-08-16 20:22:29.872 BaseTest:199 - log path: logs/iOS_iPhone 14 Pro Max
[logs/iOS_iPhone 14 Pro Max INFO ] 2023-08-16 20:22:29.916 BaseTest:206 - load config.properties
[logs/iOS_iPhone 14 Pro Max INFO ] 2023-08-16 20:22:29.921 BaseTest:211 - load strings/strings.xml
[logs/iOS_iPhone 14 Pro Max INFO ] 2023-08-16 20:22:29.949 BaseTest:243 - appUrl is/Users/annprodous/Documents/git/appiumcicd/src/test/resources/app/iOS.Simulator.SauceLabs.Mobile.Sample.app.2.7.1.app
[logs/iOS_iPhone 14 Pro Max INFO ] 2023-08-16 20:22:36.913 BaseTest:256 - driver initialized: IOSDriver:  on IOS (95399f3c-7df5-46d6-898f-4e70704ef823)
[logs/iOS_iPhone 14 Pro Max INFO ] 2023-08-16 20:22:40.434 ProductTests:74 - 
****** starting test:validateProductOnProductDetailsPage******

[logs/iOS_iPhone 14 Pro Max INFO ] 2023-08-16 20:22:43.092 BaseTest:297 - login with standard_user
[logs/iOS_iPhone 14 Pro Max INFO ] 2023-08-16 20:22:45.515 BaseTest:297 - password is secret_sauce
[logs/iOS_iPhone 14 Pro Max INFO ] 2023-08-16 20:22:46.391 BaseTest:286 - press login button
[logs/iOS_iPhone 14 Pro Max INFO ] 2023-08-16 20:22:48.492 BaseTest:286 - press SLB tile link
[logs/iOS_iPhone 14 Pro Max INFO ] 2023-08-16 20:22:50.363 BaseTest:321 - title is - Sauce Labs Backpack
[logs/iOS_iPhone 14 Pro Max INFO ] 2023-08-16 20:22:50.996 BaseTest:321 - txt is - carry.allTheThings() with the sleek, streamlined Sly Pack that melds uncompromising style with unequaled laptop and tablet protection.
[logs/iOS_iPhone 14 Pro Max ERROR] 2023-08-16 20:22:58.068 TestListener:34 - java.lang.AssertionError: The following asserts failed:
	expected [null] but found [Sauce Labs Backpack],
	expected [null] but found [carry.allTheThings() with the sleek, streamlined Sly Pack that melds uncompromising style with unequaled laptop and tablet protection.]
	at org.testng.asserts.SoftAssert.assertAll(SoftAssert.java:46)
	at org.testng.asserts.SoftAssert.assertAll(SoftAssert.java:30)
	at com.qa.tests.ProductTests.validateProductOnProductDetailsPage(ProductTests.java:125)
	at java.base/jdk.internal.reflect.NativeMethodAccessorImpl.invoke0(Native Method)
	at java.base/jdk.internal.reflect.NativeMethodAccessorImpl.invoke(NativeMethodAccessorImpl.java:64)
	at java.base/jdk.internal.reflect.DelegatingMethodAccessorImpl.invoke(DelegatingMethodAccessorImpl.java:43)
	at java.base/java.lang.reflect.Method.invoke(Method.java:564)
	at org.testng.internal.invokers.MethodInvocationHelper.invokeMethod(MethodInvocationHelper.java:139)
	at org.testng.internal.invokers.TestInvoker.invokeMethod(TestInvoker.java:664)
	at org.testng.internal.invokers.TestInvoker.invokeTestMethod(TestInvoker.java:227)
	at org.testng.internal.invokers.MethodRunner.runInSequence(MethodRunner.java:50)
	at org.testng.internal.invokers.TestInvoker$MethodInvocationAgent.invoke(TestInvoker.java:957)
	at org.testng.internal.invokers.TestInvoker.invokeTestMethods(TestInvoker.java:200)
	at org.testng.internal.invokers.TestMethodWorker.invokeTestMethods(TestMethodWorker.java:148)
	at org.testng.internal.invokers.TestMethodWorker.run(TestMethodWorker.java:128)
	at java.base/java.util.ArrayList.forEach(ArrayList.java:1511)
	at org.testng.TestRunner.privateRun(TestRunner.java:848)
	at org.testng.TestRunner.run(TestRunner.java:621)
	at org.testng.SuiteRunner.runTest(SuiteRunner.java:443)
	at org.testng.SuiteRunner.runSequentially(SuiteRunner.java:437)
	at org.testng.SuiteRunner.privateRun(SuiteRunner.java:397)
	at org.testng.SuiteRunner.run(SuiteRunner.java:336)
	at org.testng.SuiteRunnerWorker.runSuite(SuiteRunnerWorker.java:52)
	at org.testng.SuiteRunnerWorker.run(SuiteRunnerWorker.java:95)
	at org.testng.TestNG.runSuitesSequentially(TestNG.java:1280)
	at org.testng.TestNG.runSuitesLocally(TestNG.java:1200)
	at org.testng.TestNG.runSuites(TestNG.java:1114)
	at org.testng.TestNG.run(TestNG.java:1082)
	at com.intellij.rt.testng.IDEARemoteTestNG.run(IDEARemoteTestNG.java:66)
	at com.intellij.rt.testng.RemoteTestNGStarter.main(RemoteTestNGStarter.java:105)

[logs/iOS_iPhone 14 Pro Max INFO ] 2023-08-16 20:23:06.039 BaseTest:155 - Appium server stopped
[logs/iOS_iPhone 14 Pro Max INFO ] 2023-08-16 20:26:59.371 BaseTest:199 - log path: logs/iOS_iPhone 14 Pro Max
[logs/iOS_iPhone 14 Pro Max INFO ] 2023-08-16 20:26:59.409 BaseTest:206 - load config.properties
[logs/iOS_iPhone 14 Pro Max INFO ] 2023-08-16 20:26:59.413 BaseTest:211 - load strings/strings.xml
[logs/iOS_iPhone 14 Pro Max INFO ] 2023-08-16 20:26:59.436 BaseTest:243 - appUrl is/Users/annprodous/Documents/git/appiumcicd/src/test/resources/app/iOS.Simulator.SauceLabs.Mobile.Sample.app.2.7.1.app
[logs/iOS_iPhone 14 Pro Max INFO ] 2023-08-16 20:27:07.315 BaseTest:256 - driver initialized: IOSDriver:  on IOS (6a47052d-66e1-4c4e-b405-167d6d8c8414)
[logs/iOS_iPhone 14 Pro Max INFO ] 2023-08-16 20:27:10.749 ProductTests:74 - 
****** starting test:validateProductOnProductDetailsPage******

[logs/iOS_iPhone 14 Pro Max INFO ] 2023-08-16 20:27:13.474 BaseTest:297 - login with standard_user
[logs/iOS_iPhone 14 Pro Max INFO ] 2023-08-16 20:27:15.815 BaseTest:297 - password is secret_sauce
[logs/iOS_iPhone 14 Pro Max INFO ] 2023-08-16 20:27:16.674 BaseTest:286 - press login button
[logs/iOS_iPhone 14 Pro Max INFO ] 2023-08-16 20:27:25.206 BaseTest:155 - Appium server stopped
[logs/iOS_iPhone 14 Pro Max INFO ] 2023-08-16 20:28:21.824 BaseTest:199 - log path: logs/iOS_iPhone 14 Pro Max
[logs/iOS_iPhone 14 Pro Max INFO ] 2023-08-16 20:28:21.856 BaseTest:206 - load config.properties
[logs/iOS_iPhone 14 Pro Max INFO ] 2023-08-16 20:28:21.861 BaseTest:211 - load strings/strings.xml
[logs/iOS_iPhone 14 Pro Max INFO ] 2023-08-16 20:28:21.883 BaseTest:243 - appUrl is/Users/annprodous/Documents/git/appiumcicd/src/test/resources/app/iOS.Simulator.SauceLabs.Mobile.Sample.app.2.7.1.app
[logs/iOS_iPhone 14 Pro Max INFO ] 2023-08-16 20:28:34.700 BaseTest:256 - driver initialized: IOSDriver:  on IOS (ba696459-e788-4099-b8f8-e8847e25f375)
[logs/iOS_iPhone 14 Pro Max INFO ] 2023-08-16 20:28:38.138 ProductTests:74 - 
****** starting test:validateProductOnProductDetailsPage******

[logs/iOS_iPhone 14 Pro Max INFO ] 2023-08-16 20:28:40.836 BaseTest:297 - login with standard_user
[logs/iOS_iPhone 14 Pro Max INFO ] 2023-08-16 20:28:43.108 BaseTest:297 - password is secret_sauce
[logs/iOS_iPhone 14 Pro Max INFO ] 2023-08-16 20:28:43.955 BaseTest:286 - press login button
[logs/iOS_iPhone 14 Pro Max INFO ] 2023-08-16 20:28:46.205 BaseTest:286 - press SLB tile link
[logs/iOS_iPhone 14 Pro Max INFO ] 2023-08-16 20:28:48.003 BaseTest:321 - title is - Sauce Labs Backpack
[logs/iOS_iPhone 14 Pro Max INFO ] 2023-08-16 20:28:48.788 BaseTest:321 - txt is - carry.allTheThings() with the sleek, streamlined Sly Pack that melds uncompromising style with unequaled laptop and tablet protection.
[logs/iOS_iPhone 14 Pro Max ERROR] 2023-08-16 20:28:55.844 TestListener:34 - java.lang.AssertionError: The following asserts failed:
	expected [null] but found [Sauce Labs Backpack],
	expected [null] but found [carry.allTheThings() with the sleek, streamlined Sly Pack that melds uncompromising style with unequaled laptop and tablet protection.]
	at org.testng.asserts.SoftAssert.assertAll(SoftAssert.java:46)
	at org.testng.asserts.SoftAssert.assertAll(SoftAssert.java:30)
	at com.qa.tests.ProductTests.validateProductOnProductDetailsPage(ProductTests.java:125)
	at java.base/jdk.internal.reflect.NativeMethodAccessorImpl.invoke0(Native Method)
	at java.base/jdk.internal.reflect.NativeMethodAccessorImpl.invoke(NativeMethodAccessorImpl.java:64)
	at java.base/jdk.internal.reflect.DelegatingMethodAccessorImpl.invoke(DelegatingMethodAccessorImpl.java:43)
	at java.base/java.lang.reflect.Method.invoke(Method.java:564)
	at org.testng.internal.invokers.MethodInvocationHelper.invokeMethod(MethodInvocationHelper.java:139)
	at org.testng.internal.invokers.TestInvoker.invokeMethod(TestInvoker.java:664)
	at org.testng.internal.invokers.TestInvoker.invokeTestMethod(TestInvoker.java:227)
	at org.testng.internal.invokers.MethodRunner.runInSequence(MethodRunner.java:50)
	at org.testng.internal.invokers.TestInvoker$MethodInvocationAgent.invoke(TestInvoker.java:957)
	at org.testng.internal.invokers.TestInvoker.invokeTestMethods(TestInvoker.java:200)
	at org.testng.internal.invokers.TestMethodWorker.invokeTestMethods(TestMethodWorker.java:148)
	at org.testng.internal.invokers.TestMethodWorker.run(TestMethodWorker.java:128)
	at java.base/java.util.ArrayList.forEach(ArrayList.java:1511)
	at org.testng.TestRunner.privateRun(TestRunner.java:848)
	at org.testng.TestRunner.run(TestRunner.java:621)
	at org.testng.SuiteRunner.runTest(SuiteRunner.java:443)
	at org.testng.SuiteRunner.runSequentially(SuiteRunner.java:437)
	at org.testng.SuiteRunner.privateRun(SuiteRunner.java:397)
	at org.testng.SuiteRunner.run(SuiteRunner.java:336)
	at org.testng.SuiteRunnerWorker.runSuite(SuiteRunnerWorker.java:52)
	at org.testng.SuiteRunnerWorker.run(SuiteRunnerWorker.java:95)
	at org.testng.TestNG.runSuitesSequentially(TestNG.java:1280)
	at org.testng.TestNG.runSuitesLocally(TestNG.java:1200)
	at org.testng.TestNG.runSuites(TestNG.java:1114)
	at org.testng.TestNG.run(TestNG.java:1082)
	at com.intellij.rt.testng.IDEARemoteTestNG.run(IDEARemoteTestNG.java:66)
	at com.intellij.rt.testng.RemoteTestNGStarter.main(RemoteTestNGStarter.java:105)

[logs/iOS_iPhone 14 Pro Max INFO ] 2023-08-16 20:28:57.199 BaseTest:286 - press Logout button
[logs/iOS_iPhone 14 Pro Max INFO ] 2023-08-16 20:28:59.343 ProductTests:74 - 
****** starting test:validateProductOnProductsPage******

[logs/iOS_iPhone 14 Pro Max INFO ] 2023-08-16 20:29:01.463 BaseTest:297 - login with standard_user
[logs/iOS_iPhone 14 Pro Max INFO ] 2023-08-16 20:29:03.827 BaseTest:297 - password is secret_sauce
[logs/iOS_iPhone 14 Pro Max INFO ] 2023-08-16 20:29:04.649 BaseTest:286 - press login button
[logs/iOS_iPhone 14 Pro Max INFO ] 2023-08-16 20:29:06.903 BaseTest:321 - title is - Sauce Labs Backpack
[logs/iOS_iPhone 14 Pro Max INFO ] 2023-08-16 20:29:08.099 BaseTest:321 - price is - $29.99
[logs/iOS_iPhone 14 Pro Max INFO ] 2023-08-16 20:29:09.115 BaseTest:286 - press Logout button
[logs/iOS_iPhone 14 Pro Max INFO ] 2023-08-16 20:29:17.079 BaseTest:155 - Appium server stopped
[logs/iOS_iPhone 14 Pro Max INFO ] 2023-08-16 20:34:50.347 BaseTest:199 - log path: logs/iOS_iPhone 14 Pro Max
[logs/iOS_iPhone 14 Pro Max INFO ] 2023-08-16 20:34:50.382 BaseTest:206 - load config.properties
[logs/iOS_iPhone 14 Pro Max INFO ] 2023-08-16 20:34:50.386 BaseTest:211 - load strings/strings.xml
[logs/iOS_iPhone 14 Pro Max INFO ] 2023-08-16 20:34:50.406 BaseTest:243 - appUrl is/Users/annprodous/Documents/git/appiumcicd/src/test/resources/app/iOS.Simulator.SauceLabs.Mobile.Sample.app.2.7.1.app
[logs/iOS_iPhone 14 Pro Max INFO ] 2023-08-16 20:34:58.842 BaseTest:256 - driver initialized: IOSDriver:  on IOS (bbfc5d33-1f43-4964-abc7-7203fbc8d9c0)
[logs/iOS_iPhone 14 Pro Max INFO ] 2023-08-16 20:35:02.384 ProductTests:74 - 
****** starting test:validateProductOnProductDetailsPage******

[logs/iOS_iPhone 14 Pro Max INFO ] 2023-08-16 20:35:05.119 BaseTest:297 - login with standard_user
[logs/iOS_iPhone 14 Pro Max INFO ] 2023-08-16 20:35:07.341 BaseTest:297 - password is secret_sauce
[logs/iOS_iPhone 14 Pro Max INFO ] 2023-08-16 20:35:08.183 BaseTest:286 - press login button
[logs/iOS_iPhone 14 Pro Max INFO ] 2023-08-16 20:35:10.217 BaseTest:286 - press SLB tile link
[logs/iOS_iPhone 14 Pro Max INFO ] 2023-08-16 20:35:12.044 BaseTest:321 - title is - Sauce Labs Backpack
[logs/iOS_iPhone 14 Pro Max INFO ] 2023-08-16 20:35:12.704 BaseTest:321 - txt is - carry.allTheThings() with the sleek, streamlined Sly Pack that melds uncompromising style with unequaled laptop and tablet protection.
[logs/iOS_iPhone 14 Pro Max INFO ] 2023-08-16 20:35:20.602 BaseTest:286 - press Logout button
[logs/iOS_iPhone 14 Pro Max INFO ] 2023-08-16 20:35:22.886 ProductTests:74 - 
****** starting test:validateProductOnProductsPage******

[logs/iOS_iPhone 14 Pro Max INFO ] 2023-08-16 20:35:25.173 BaseTest:297 - login with standard_user
[logs/iOS_iPhone 14 Pro Max INFO ] 2023-08-16 20:35:27.455 BaseTest:297 - password is secret_sauce
[logs/iOS_iPhone 14 Pro Max INFO ] 2023-08-16 20:35:28.291 BaseTest:286 - press login button
[logs/iOS_iPhone 14 Pro Max INFO ] 2023-08-16 20:35:30.537 BaseTest:321 - title is - Sauce Labs Backpack
[logs/iOS_iPhone 14 Pro Max INFO ] 2023-08-16 20:35:31.629 BaseTest:321 - price is - $29.99
[logs/iOS_iPhone 14 Pro Max INFO ] 2023-08-16 20:35:32.539 BaseTest:286 - press Logout button
[logs/iOS_iPhone 14 Pro Max INFO ] 2023-08-16 20:35:40.585 BaseTest:155 - Appium server stopped
